[2022-01-11 16:19:47] [INFO] Uruchomiono Grę 
[2022-01-11 16:27:06] [INFO] Uruchomiono program 
[2022-01-11 16:27:07] [INFO] Rozpoczęto grę 
[2022-01-11 16:27:09] [INFO] Powrót do menu 
[2022-01-11 16:27:10] [INFO] Rozpoczęto grę 
[2022-01-11 16:27:11] [INFO] Powrót do menu 
[2022-01-11 16:27:14] [INFO] Game has launched 
[2022-01-11 16:27:15] [INFO] Back to menu 
[2022-01-11 16:32:39] [INFO] Uruchomiono program 
[2022-01-11 16:34:30] [INFO] Uruchomiono program 
[2022-01-11 16:34:31] [INFO] Wybrano poziomŁatwy 
[2022-01-11 16:34:31] [INFO] Rozpoczęto grę 
[2022-01-11 16:34:51] [INFO] Uruchomiono program 
[2022-01-11 16:34:52] [INFO] Wybrano poziom Łatwy 
[2022-01-11 16:34:52] [INFO] Rozpoczęto grę 
[2022-01-11 16:39:09] [INFO] Uruchomiono program 
[2022-01-11 16:39:11] [INFO] Wybrano poziom Łatwy 
[2022-01-11 16:39:11] [INFO] Rozpoczęto grę 
[2022-01-11 16:39:12] [INFO] Powrót do menu 
[2022-01-11 16:39:13] [INFO] Wybrano poziom Trudny 
[2022-01-11 16:39:13] [INFO] Rozpoczęto grę 
[2022-01-11 16:39:15] [INFO] Powrót do menu 
[2022-01-11 16:39:16] [INFO] Wybrano poziom Średni 
[2022-01-11 16:39:16] [INFO] Rozpoczęto grę 
[2022-01-11 16:39:17] [INFO] Powrót do menu 
[2022-01-11 16:39:21] [INFO] Selected level Easy 
[2022-01-11 16:39:21] [INFO] Game has launched 
[2022-01-11 16:39:22] [INFO] Back to menu 
[2022-01-11 16:39:24] [INFO] Selected level Hard 
[2022-01-11 16:39:24] [INFO] Game has launched 
[2022-01-11 17:30:56] [INFO] Uruchomiono program 
[2022-01-11 17:31:24] [INFO] Uruchomiono program 
[2022-01-11 17:36:14] [INFO] Uruchomiono program 
[2022-01-11 17:37:04] [INFO] Uruchomiono program 
[2022-01-11 17:41:17] [INFO] Uruchomiono program 
[2022-01-11 17:41:19] [INFO] Wybrano poziom Łatwy 
[2022-01-11 17:41:19] [INFO] Rozpoczęto grę 
[2022-01-11 17:45:55] [INFO] Uruchomiono program 
[2022-01-11 17:47:55] [INFO] Uruchomiono program 
